Vivado Simulator 2018.2
Time resolution is 1 ps
WARNING: "/opt/Xilinx/Vivado/2018.2/data/verilog/src/unisims/LDCE.v" Line 169: Timing violation in scope /top_tb/top/riscv/ctrl/register_control_reg[0]/TChk169_49590 at time 1009009901 ps $width (negedge G,(0:0:0),0,notifier) 
WARNING: "/opt/Xilinx/Vivado/2018.2/data/verilog/src/unisims/LDCE.v" Line 169: Timing violation in scope /top_tb/top/riscv/ctrl/register_control_reg[9]/TChk169_49590 at time 1009009901 ps $width (negedge G,(0:0:0),0,notifier) 
WARNING: "/opt/Xilinx/Vivado/2018.2/data/verilog/src/unisims/LDCE.v" Line 169: Timing violation in scope /top_tb/top/riscv/ctrl/register_control_reg[11]/TChk169_49590 at time 1009009930 ps $width (negedge G,(0:0:0),0,notifier) 
WARNING: "/opt/Xilinx/Vivado/2018.2/data/verilog/src/unisims/LDCE.v" Line 169: Timing violation in scope /top_tb/top/riscv/ctrl/register_control_reg[13]/TChk169_49590 at time 1009009930 ps $width (negedge G,(0:0:0),0,notifier) 
WARNING: "/opt/Xilinx/Vivado/2018.2/data/verilog/src/unisims/LDCE.v" Line 169: Timing violation in scope /top_tb/top/riscv/ctrl/register_control_reg[4]/TChk169_49590 at time 1009009930 ps $width (negedge G,(0:0:0),0,notifier) 
WARNING: "/opt/Xilinx/Vivado/2018.2/data/verilog/src/unisims/LDCE.v" Line 169: Timing violation in scope /top_tb/top/riscv/ctrl/register_control_reg[6]/TChk169_49590 at time 1009009930 ps $width (negedge G,(0:0:0),0,notifier) 
WARNING: "/opt/Xilinx/Vivado/2018.2/data/verilog/src/unisims/LDCE.v" Line 169: Timing violation in scope /top_tb/top/riscv/ctrl/register_control_reg[3]/TChk169_49590 at time 1009010 ns $width (negedge G,(0:0:0),0,notifier) 
WARNING: "/opt/Xilinx/Vivado/2018.2/data/verilog/src/unisims/LDCE.v" Line 169: Timing violation in scope /top_tb/top/riscv/ctrl/register_control_reg[7]/TChk169_49590 at time 1009010 ns $width (negedge G,(0:0:0),0,notifier) 
WARNING: "/opt/Xilinx/Vivado/2018.2/data/verilog/src/unisims/LDCE.v" Line 169: Timing violation in scope /top_tb/top/riscv/ctrl/register_control_reg[8]/TChk169_49590 at time 1009010108 ps $width (negedge G,(0:0:0),0,notifier) 
WARNING: "/opt/Xilinx/Vivado/2018.2/data/verilog/src/unisims/LDCE.v" Line 169: Timing violation in scope /top_tb/top/riscv/ctrl/register_control_reg[15]/TChk169_49590 at time 1009010261 ps $width (negedge G,(0:0:0),0,notifier) 
WARNING: "/opt/Xilinx/Vivado/2018.2/data/verilog/src/unisims/LDCE.v" Line 169: Timing violation in scope /top_tb/top/riscv/ctrl/register_control_reg[16]/TChk169_49590 at time 1009010261 ps $width (negedge G,(0:0:0),0,notifier) 
WARNING: "/opt/Xilinx/Vivado/2018.2/data/verilog/src/unisims/LDCE.v" Line 169: Timing violation in scope /top_tb/top/riscv/ctrl/register_control_reg[19]/TChk169_49590 at time 1009010261 ps $width (negedge G,(0:0:0),0,notifier) 
WARNING: "/opt/Xilinx/Vivado/2018.2/data/verilog/src/unisims/LDCE.v" Line 169: Timing violation in scope /top_tb/top/riscv/ctrl/register_control_reg[21]/TChk169_49590 at time 1009010261 ps $width (negedge G,(0:0:0),0,notifier) 
WARNING: "/opt/Xilinx/Vivado/2018.2/data/verilog/src/unisims/LDCE.v" Line 169: Timing violation in scope /top_tb/top/riscv/ctrl/register_control_reg[12]/TChk169_49590 at time 1009010339 ps $width (negedge G,(0:0:0),0,notifier) 
WARNING: "/opt/Xilinx/Vivado/2018.2/data/verilog/src/unisims/LDCE.v" Line 169: Timing violation in scope /top_tb/top/riscv/ctrl/register_control_reg[10]/TChk169_49590 at time 1009010346 ps $width (negedge G,(0:0:0),0,notifier) 
WARNING: "/opt/Xilinx/Vivado/2018.2/data/verilog/src/unisims/LDCE.v" Line 169: Timing violation in scope /top_tb/top/riscv/ctrl/register_control_reg[22]/TChk169_49590 at time 1009010346 ps $width (negedge G,(0:0:0),0,notifier) 
WARNING: "/opt/Xilinx/Vivado/2018.2/data/verilog/src/unisims/LDCE.v" Line 169: Timing violation in scope /top_tb/top/riscv/ctrl/register_control_reg[2]/TChk169_49590 at time 1009010346 ps $width (negedge G,(0:0:0),0,notifier) 
WARNING: "/opt/Xilinx/Vivado/2018.2/data/verilog/src/unisims/LDCE.v" Line 169: Timing violation in scope /top_tb/top/riscv/ctrl/register_control_reg[5]/TChk169_49590 at time 1009010346 ps $width (negedge G,(0:0:0),0,notifier) 
WARNING: "/opt/Xilinx/Vivado/2018.2/data/verilog/src/unisims/LDCE.v" Line 169: Timing violation in scope /top_tb/top/riscv/ctrl/register_control_reg[14]/TChk169_49590 at time 1009010375 ps $width (negedge G,(0:0:0),0,notifier) 
WARNING: "/opt/Xilinx/Vivado/2018.2/data/verilog/src/unisims/LDCE.v" Line 169: Timing violation in scope /top_tb/top/riscv/ctrl/register_control_reg[17]/TChk169_49590 at time 1009010375 ps $width (negedge G,(0:0:0),0,notifier) 
WARNING: "/opt/Xilinx/Vivado/2018.2/data/verilog/src/unisims/LDCE.v" Line 169: Timing violation in scope /top_tb/top/riscv/ctrl/register_control_reg[18]/TChk169_49590 at time 1009010375 ps $width (negedge G,(0:0:0),0,notifier) 
WARNING: "/opt/Xilinx/Vivado/2018.2/data/verilog/src/unisims/LDCE.v" Line 169: Timing violation in scope /top_tb/top/riscv/ctrl/register_control_reg[20]/TChk169_49590 at time 1009010375 ps $width (negedge G,(0:0:0),0,notifier) 
WARNING: "/opt/Xilinx/Vivado/2018.2/data/verilog/src/unisims/LDCE.v" Line 171: Timing violation in scope /top_tb/top/riscv/ctrl/register_control_reg[0]/TChk171_49592 at time 1010010529 ps $width (posedge G,(0:0:0),0,notifier) 
WARNING: "/opt/Xilinx/Vivado/2018.2/data/verilog/src/unisims/LDCE.v" Line 171: Timing violation in scope /top_tb/top/riscv/ctrl/register_control_reg[9]/TChk171_49592 at time 1010010529 ps $width (posedge G,(0:0:0),0,notifier) 
WARNING: "/opt/Xilinx/Vivado/2018.2/data/verilog/src/unisims/LDCE.v" Line 171: Timing violation in scope /top_tb/top/riscv/ctrl/register_control_reg[11]/TChk171_49592 at time 1010010558 ps $width (posedge G,(0:0:0),0,notifier) 
WARNING: "/opt/Xilinx/Vivado/2018.2/data/verilog/src/unisims/LDCE.v" Line 171: Timing violation in scope /top_tb/top/riscv/ctrl/register_control_reg[13]/TChk171_49592 at time 1010010558 ps $width (posedge G,(0:0:0),0,notifier) 
WARNING: "/opt/Xilinx/Vivado/2018.2/data/verilog/src/unisims/LDCE.v" Line 171: Timing violation in scope /top_tb/top/riscv/ctrl/register_control_reg[4]/TChk171_49592 at time 1010010558 ps $width (posedge G,(0:0:0),0,notifier) 
WARNING: "/opt/Xilinx/Vivado/2018.2/data/verilog/src/unisims/LDCE.v" Line 171: Timing violation in scope /top_tb/top/riscv/ctrl/register_control_reg[6]/TChk171_49592 at time 1010010558 ps $width (posedge G,(0:0:0),0,notifier) 
WARNING: "/opt/Xilinx/Vivado/2018.2/data/verilog/src/unisims/LDCE.v" Line 171: Timing violation in scope /top_tb/top/riscv/ctrl/register_control_reg[3]/TChk171_49592 at time 1010010628 ps $width (posedge G,(0:0:0),0,notifier) 
WARNING: "/opt/Xilinx/Vivado/2018.2/data/verilog/src/unisims/LDCE.v" Line 171: Timing violation in scope /top_tb/top/riscv/ctrl/register_control_reg[7]/TChk171_49592 at time 1010010628 ps $width (posedge G,(0:0:0),0,notifier) 
WARNING: "/opt/Xilinx/Vivado/2018.2/data/verilog/src/unisims/LDCE.v" Line 171: Timing violation in scope /top_tb/top/riscv/ctrl/register_control_reg[8]/TChk171_49592 at time 1010010736 ps $width (posedge G,(0:0:0),0,notifier) 
WARNING: "/opt/Xilinx/Vivado/2018.2/data/verilog/src/unisims/LDCE.v" Line 171: Timing violation in scope /top_tb/top/riscv/ctrl/register_control_reg[15]/TChk171_49592 at time 1010010889 ps $width (posedge G,(0:0:0),0,notifier) 
WARNING: "/opt/Xilinx/Vivado/2018.2/data/verilog/src/unisims/LDCE.v" Line 171: Timing violation in scope /top_tb/top/riscv/ctrl/register_control_reg[16]/TChk171_49592 at time 1010010889 ps $width (posedge G,(0:0:0),0,notifier) 
WARNING: "/opt/Xilinx/Vivado/2018.2/data/verilog/src/unisims/LDCE.v" Line 171: Timing violation in scope /top_tb/top/riscv/ctrl/register_control_reg[19]/TChk171_49592 at time 1010010889 ps $width (posedge G,(0:0:0),0,notifier) 
WARNING: "/opt/Xilinx/Vivado/2018.2/data/verilog/src/unisims/LDCE.v" Line 171: Timing violation in scope /top_tb/top/riscv/ctrl/register_control_reg[21]/TChk171_49592 at time 1010010889 ps $width (posedge G,(0:0:0),0,notifier) 
WARNING: "/opt/Xilinx/Vivado/2018.2/data/verilog/src/unisims/LDCE.v" Line 171: Timing violation in scope /top_tb/top/riscv/ctrl/register_control_reg[12]/TChk171_49592 at time 1010010967 ps $width (posedge G,(0:0:0),0,notifier) 
WARNING: "/opt/Xilinx/Vivado/2018.2/data/verilog/src/unisims/LDCE.v" Line 171: Timing violation in scope /top_tb/top/riscv/ctrl/register_control_reg[10]/TChk171_49592 at time 1010010974 ps $width (posedge G,(0:0:0),0,notifier) 
WARNING: "/opt/Xilinx/Vivado/2018.2/data/verilog/src/unisims/LDCE.v" Line 171: Timing violation in scope /top_tb/top/riscv/ctrl/register_control_reg[22]/TChk171_49592 at time 1010010974 ps $width (posedge G,(0:0:0),0,notifier) 
WARNING: "/opt/Xilinx/Vivado/2018.2/data/verilog/src/unisims/LDCE.v" Line 171: Timing violation in scope /top_tb/top/riscv/ctrl/register_control_reg[2]/TChk171_49592 at time 1010010974 ps $width (posedge G,(0:0:0),0,notifier) 
WARNING: "/opt/Xilinx/Vivado/2018.2/data/verilog/src/unisims/LDCE.v" Line 171: Timing violation in scope /top_tb/top/riscv/ctrl/register_control_reg[5]/TChk171_49592 at time 1010010974 ps $width (posedge G,(0:0:0),0,notifier) 
WARNING: "/opt/Xilinx/Vivado/2018.2/data/verilog/src/unisims/LDCE.v" Line 171: Timing violation in scope /top_tb/top/riscv/ctrl/register_control_reg[14]/TChk171_49592 at time 1010011003 ps $width (posedge G,(0:0:0),0,notifier) 
WARNING: "/opt/Xilinx/Vivado/2018.2/data/verilog/src/unisims/LDCE.v" Line 171: Timing violation in scope /top_tb/top/riscv/ctrl/register_control_reg[17]/TChk171_49592 at time 1010011003 ps $width (posedge G,(0:0:0),0,notifier) 
WARNING: "/opt/Xilinx/Vivado/2018.2/data/verilog/src/unisims/LDCE.v" Line 171: Timing violation in scope /top_tb/top/riscv/ctrl/register_control_reg[18]/TChk171_49592 at time 1010011003 ps $width (posedge G,(0:0:0),0,notifier) 
WARNING: "/opt/Xilinx/Vivado/2018.2/data/verilog/src/unisims/LDCE.v" Line 171: Timing violation in scope /top_tb/top/riscv/ctrl/register_control_reg[20]/TChk171_49592 at time 1010011003 ps $width (posedge G,(0:0:0),0,notifier) 
WARNING: "/opt/Xilinx/Vivado/2018.2/data/verilog/src/unisims/LDCE.v" Line 169: Timing violation in scope /top_tb/top/riscv/ctrl/register_control_reg[0]/TChk169_49590 at time 1011009901 ps $width (negedge G,(0:0:0),0,notifier) 
WARNING: "/opt/Xilinx/Vivado/2018.2/data/verilog/src/unisims/LDCE.v" Line 169: Timing violation in scope /top_tb/top/riscv/ctrl/register_control_reg[9]/TChk169_49590 at time 1011009901 ps $width (negedge G,(0:0:0),0,notifier) 
WARNING: "/opt/Xilinx/Vivado/2018.2/data/verilog/src/unisims/LDCE.v" Line 169: Timing violation in scope /top_tb/top/riscv/ctrl/register_control_reg[11]/TChk169_49590 at time 1011009930 ps $width (negedge G,(0:0:0),0,notifier) 
WARNING: "/opt/Xilinx/Vivado/2018.2/data/verilog/src/unisims/LDCE.v" Line 169: Timing violation in scope /top_tb/top/riscv/ctrl/register_control_reg[13]/TChk169_49590 at time 1011009930 ps $width (negedge G,(0:0:0),0,notifier) 
WARNING: "/opt/Xilinx/Vivado/2018.2/data/verilog/src/unisims/LDCE.v" Line 169: Timing violation in scope /top_tb/top/riscv/ctrl/register_control_reg[4]/TChk169_49590 at time 1011009930 ps $width (negedge G,(0:0:0),0,notifier) 
WARNING: "/opt/Xilinx/Vivado/2018.2/data/verilog/src/unisims/LDCE.v" Line 169: Timing violation in scope /top_tb/top/riscv/ctrl/register_control_reg[6]/TChk169_49590 at time 1011009930 ps $width (negedge G,(0:0:0),0,notifier) 
WARNING: "/opt/Xilinx/Vivado/2018.2/data/verilog/src/unisims/LDCE.v" Line 169: Timing violation in scope /top_tb/top/riscv/ctrl/register_control_reg[3]/TChk169_49590 at time 1011010 ns $width (negedge G,(0:0:0),0,notifier) 
WARNING: "/opt/Xilinx/Vivado/2018.2/data/verilog/src/unisims/LDCE.v" Line 169: Timing violation in scope /top_tb/top/riscv/ctrl/register_control_reg[7]/TChk169_49590 at time 1011010 ns $width (negedge G,(0:0:0),0,notifier) 
WARNING: "/opt/Xilinx/Vivado/2018.2/data/verilog/src/unisims/LDCE.v" Line 169: Timing violation in scope /top_tb/top/riscv/ctrl/register_control_reg[8]/TChk169_49590 at time 1011010108 ps $width (negedge G,(0:0:0),0,notifier) 
WARNING: "/opt/Xilinx/Vivado/2018.2/data/verilog/src/unisims/LDCE.v" Line 169: Timing violation in scope /top_tb/top/riscv/ctrl/register_control_reg[15]/TChk169_49590 at time 1011010261 ps $width (negedge G,(0:0:0),0,notifier) 
WARNING: "/opt/Xilinx/Vivado/2018.2/data/verilog/src/unisims/LDCE.v" Line 169: Timing violation in scope /top_tb/top/riscv/ctrl/register_control_reg[16]/TChk169_49590 at time 1011010261 ps $width (negedge G,(0:0:0),0,notifier) 
WARNING: "/opt/Xilinx/Vivado/2018.2/data/verilog/src/unisims/LDCE.v" Line 169: Timing violation in scope /top_tb/top/riscv/ctrl/register_control_reg[19]/TChk169_49590 at time 1011010261 ps $width (negedge G,(0:0:0),0,notifier) 
WARNING: "/opt/Xilinx/Vivado/2018.2/data/verilog/src/unisims/LDCE.v" Line 169: Timing violation in scope /top_tb/top/riscv/ctrl/register_control_reg[21]/TChk169_49590 at time 1011010261 ps $width (negedge G,(0:0:0),0,notifier) 
WARNING: "/opt/Xilinx/Vivado/2018.2/data/verilog/src/unisims/LDCE.v" Line 169: Timing violation in scope /top_tb/top/riscv/ctrl/register_control_reg[12]/TChk169_49590 at time 1011010339 ps $width (negedge G,(0:0:0),0,notifier) 
WARNING: "/opt/Xilinx/Vivado/2018.2/data/verilog/src/unisims/LDCE.v" Line 169: Timing violation in scope /top_tb/top/riscv/ctrl/register_control_reg[10]/TChk169_49590 at time 1011010346 ps $width (negedge G,(0:0:0),0,notifier) 
WARNING: "/opt/Xilinx/Vivado/2018.2/data/verilog/src/unisims/LDCE.v" Line 169: Timing violation in scope /top_tb/top/riscv/ctrl/register_control_reg[22]/TChk169_49590 at time 1011010346 ps $width (negedge G,(0:0:0),0,notifier) 
WARNING: "/opt/Xilinx/Vivado/2018.2/data/verilog/src/unisims/LDCE.v" Line 169: Timing violation in scope /top_tb/top/riscv/ctrl/register_control_reg[2]/TChk169_49590 at time 1011010346 ps $width (negedge G,(0:0:0),0,notifier) 
WARNING: "/opt/Xilinx/Vivado/2018.2/data/verilog/src/unisims/LDCE.v" Line 169: Timing violation in scope /top_tb/top/riscv/ctrl/register_control_reg[5]/TChk169_49590 at time 1011010346 ps $width (negedge G,(0:0:0),0,notifier) 
WARNING: "/opt/Xilinx/Vivado/2018.2/data/verilog/src/unisims/LDCE.v" Line 169: Timing violation in scope /top_tb/top/riscv/ctrl/register_control_reg[14]/TChk169_49590 at time 1011010375 ps $width (negedge G,(0:0:0),0,notifier) 
WARNING: "/opt/Xilinx/Vivado/2018.2/data/verilog/src/unisims/LDCE.v" Line 169: Timing violation in scope /top_tb/top/riscv/ctrl/register_control_reg[17]/TChk169_49590 at time 1011010375 ps $width (negedge G,(0:0:0),0,notifier) 
WARNING: "/opt/Xilinx/Vivado/2018.2/data/verilog/src/unisims/LDCE.v" Line 169: Timing violation in scope /top_tb/top/riscv/ctrl/register_control_reg[18]/TChk169_49590 at time 1011010375 ps $width (negedge G,(0:0:0),0,notifier) 
WARNING: "/opt/Xilinx/Vivado/2018.2/data/verilog/src/unisims/LDCE.v" Line 169: Timing violation in scope /top_tb/top/riscv/ctrl/register_control_reg[20]/TChk169_49590 at time 1011010375 ps $width (negedge G,(0:0:0),0,notifier) 
$finish called at time : 1012 us : File "/home/jack/Documents/Git/riscvsoc_sim/riscvsoc/board/tb/top_tb.v" Line 70
